#-----------------------------------------------------------
# Vivado v2018.2 (64-bit)
# SW Build 2258646 on Thu Jun 14 20:03:12 MDT 2018
# IP Build 2256618 on Thu Jun 14 22:10:49 MDT 2018
# Start of session at: Thu Apr  2 16:53:13 2020
# Process ID: 9076
# Current directory: C:/Users/liqingyan/vivado_test/7_segment_BCD
# Command line: vivado.exe -gui_launcher_event rodinguilauncherevent9952 C:\Users\liqingyan\vivado_test\7_segment_BCD\7_segment_BCD.xpr
# Log file: C:/Users/liqingyan/vivado_test/7_segment_BCD/vivado.log
# Journal file: C:/Users/liqingyan/vivado_test/7_segment_BCD\vivado.jou
#-----------------------------------------------------------
start_gui
open_project C:/Users/liqingyan/vivado_test/7_segment_BCD/7_segment_BCD.xpr
Scanning sources...
Finished scanning sources
INFO: [IP_Flow 19-234] Refreshing IP repositories
INFO: [IP_Flow 19-1704] No user IP repositories specified
INFO: [IP_Flow 19-2313] Loaded Vivado IP repository 'C:/Xilinx/Vivado/2018.2/data/ip'.
open_project: Time (s): cpu = 00:00:15 ; elapsed = 00:00:08 . Memory (MB): peak = 916.340 ; gain = 175.441
update_compile_order -fileset sources_1
exit
INFO: [Common 17-206] Exiting Vivado at Thu Apr  2 16:53:41 2020...
